/home/kloetergens/Physiome-ODE/experiments/training/train_cru.py
train_cru.py --latent-state-dim 20 --num-basis 20 --bandwidth 10 -dset bertram_arnot_zamponi_2002 -ot 0.5 -fh 0.5
parameters: 24702
Epoch 0 starts: 15:43:23
Training epoch 0 took: 29.980384
Epoch 0 took: 32.965419
 train_nll: 0.783439, train_mse: 0.537287
 valid_nll: 0.000454, valid_mse: 0.434769
Epoch 1 starts: 15:43:56
Training epoch 1 took: 29.050886
Epoch 1 took: 32.136753
 train_nll: 0.681261, train_mse: 0.441244
 valid_nll: 0.000424, valid_mse: 0.398572
Epoch 2 starts: 15:44:28
Training epoch 2 took: 29.379215
Epoch 2 took: 32.500299
 train_nll: 0.643990, train_mse: 0.414034
 valid_nll: 0.000406, valid_mse: 0.389441
Epoch 3 starts: 15:45:01
Training epoch 3 took: 29.501462
Epoch 3 took: 32.593137
 train_nll: 0.628883, train_mse: 0.410898
 valid_nll: 0.000375, valid_mse: 0.368112
Epoch 4 starts: 15:45:33
Training epoch 4 took: 29.387609
Epoch 4 took: 32.455076
 train_nll: 0.608128, train_mse: 0.400032
 valid_nll: 0.000371, valid_mse: 0.367411
Epoch 5 starts: 15:46:06
Training epoch 5 took: 26.518448
Epoch 5 took: 29.210868
 train_nll: 0.584528, train_mse: 0.383964
 valid_nll: 0.000370, valid_mse: 0.364349
Epoch 6 starts: 15:46:35
Training epoch 6 took: 28.860149
Epoch 6 took: 32.075915
 train_nll: 0.575160, train_mse: 0.379375
 valid_nll: 0.000352, valid_mse: 0.358180
Epoch 7 starts: 15:47:07
Training epoch 7 took: 29.331661
Epoch 7 took: 32.45573
 train_nll: 0.563235, train_mse: 0.379731
 valid_nll: 0.000342, valid_mse: 0.351507
Epoch 8 starts: 15:47:40
Training epoch 8 took: 29.207295
Epoch 8 took: 32.405275
 train_nll: 0.543434, train_mse: 0.374122
 valid_nll: 0.000332, valid_mse: 0.352319
Epoch 9 starts: 15:48:12
Training epoch 9 took: 29.60193
Epoch 9 took: 32.789347
 train_nll: 0.466508, train_mse: 0.377839
 valid_nll: 0.000193, valid_mse: 0.358852
Epoch 10 starts: 15:48:45
Training epoch 10 took: 29.435249
Epoch 10 took: 32.642936
 train_nll: 0.187039, train_mse: 0.380969
 valid_nll: 0.000182, valid_mse: 0.349125
Epoch 11 starts: 15:49:19
Training epoch 11 took: 29.511372
Epoch 11 took: 32.675823
 train_nll: 0.140705, train_mse: 0.400729
 valid_nll: -0.000027, valid_mse: 0.355228
Epoch 12 starts: 15:49:51
Training epoch 12 took: 29.413383
Epoch 12 took: 32.558735
 train_nll: -0.025592, train_mse: 0.377705
 valid_nll: -0.000070, valid_mse: 0.358368
Epoch 13 starts: 15:50:24
Training epoch 13 took: 29.404944
Epoch 13 took: 32.547483
 train_nll: -0.072689, train_mse: 0.376338
 valid_nll: -0.000044, valid_mse: 0.362896
Epoch 14 starts: 15:50:57
Training epoch 14 took: 29.218065
Epoch 14 took: 32.421451
 train_nll: -0.104303, train_mse: 0.374920
 valid_nll: -0.000078, valid_mse: 0.351320
Epoch 15 starts: 15:51:29
Training epoch 15 took: 29.568869
Epoch 15 took: 32.760421
 train_nll: -0.128131, train_mse: 0.380107
 valid_nll: -0.000047, valid_mse: 0.345044
Epoch 16 starts: 15:52:02
Training epoch 16 took: 29.831423
Epoch 16 took: 32.995535
 train_nll: -0.176970, train_mse: 0.374046
 valid_nll: -0.000151, valid_mse: 0.351856
Epoch 17 starts: 15:52:35
Training epoch 17 took: 27.188236
Epoch 17 took: 29.922064
 train_nll: -0.208880, train_mse: 0.372205
 valid_nll: -0.000001, valid_mse: 0.351230
Epoch 18 starts: 15:53:05
Training epoch 18 took: 29.220903
Epoch 18 took: 32.3709
 train_nll: -0.227700, train_mse: 0.364535
 valid_nll: 0.000097, valid_mse: 0.356137
Epoch 19 starts: 15:53:37
Training epoch 19 took: 29.659638
Epoch 19 took: 32.766546
 train_nll: -0.237061, train_mse: 0.366650
 valid_nll: -0.000186, valid_mse: 0.344136
Epoch 20 starts: 15:54:10
Training epoch 20 took: 29.588524
Epoch 20 took: 32.718235
 train_nll: -0.263778, train_mse: 0.364301
 valid_nll: -0.000112, valid_mse: 0.342098
Epoch 21 starts: 15:54:43
Training epoch 21 took: 29.823208
Epoch 21 took: 32.886189
 train_nll: -0.075596, train_mse: 0.378188
 valid_nll: -0.000040, valid_mse: 0.356108
Epoch 22 starts: 15:55:15
Training epoch 22 took: 29.311977
Epoch 22 took: 32.423213
 train_nll: -0.210516, train_mse: 0.367606
 valid_nll: -0.000054, valid_mse: 0.346636
Epoch 23 starts: 15:55:48
Training epoch 23 took: 29.597461
Epoch 23 took: 32.744298
 train_nll: -0.233106, train_mse: 0.368417
 valid_nll: -0.000133, valid_mse: 0.342163
Epoch 24 starts: 15:56:21
Training epoch 24 took: 29.475933
Epoch 24 took: 32.581566
 train_nll: 0.409900, train_mse: 0.412514
 valid_nll: 0.000202, valid_mse: 0.391505
Epoch 25 starts: 15:56:53
Training epoch 25 took: 29.434645
Epoch 25 took: 32.552219
 train_nll: 0.016929, train_mse: 0.392291
 valid_nll: -0.000080, valid_mse: 0.355605
Epoch 26 starts: 15:57:26
Training epoch 26 took: 29.571531
Epoch 26 took: 32.720181
 train_nll: -0.171381, train_mse: 0.378037
 valid_nll: -0.000102, valid_mse: 0.344772
Epoch 27 starts: 15:57:58
Training epoch 27 took: 29.783851
Epoch 27 took: 33.088885
 train_nll: -0.244369, train_mse: 0.369903
 valid_nll: -0.000098, valid_mse: 0.341728
Epoch 28 starts: 15:58:32
Training epoch 28 took: 29.278131
Epoch 28 took: 32.493403
 train_nll: -0.287091, train_mse: 0.364277
 valid_nll: -0.000111, valid_mse: 0.343688
Epoch 29 starts: 15:59:04
Training epoch 29 took: 26.513104
Epoch 29 took: 29.327416
 train_nll: -0.306381, train_mse: 0.361652
 valid_nll: -0.000006, valid_mse: 0.343836
Epoch 30 starts: 15:59:33
Training epoch 30 took: 29.702196
Epoch 30 took: 32.846981
 train_nll: -0.314617, train_mse: 0.365403
 valid_nll: -0.000115, valid_mse: 0.339556
Epoch 31 starts: 16:00:06
Training epoch 31 took: 29.610993
Epoch 31 took: 32.838616
 train_nll: -0.337861, train_mse: 0.359574
 valid_nll: -0.000111, valid_mse: 0.337400
Epoch 32 starts: 16:00:39
Training epoch 32 took: 29.76136
Epoch 32 took: 32.872617
 train_nll: -0.298691, train_mse: 0.359276
 valid_nll: -0.000175, valid_mse: 0.337575
Epoch 33 starts: 16:01:12
Training epoch 33 took: 29.877822
Epoch 33 took: 33.01567
 train_nll: -0.028400, train_mse: 0.375759
 valid_nll: -0.000069, valid_mse: 0.346524
Epoch 34 starts: 16:01:45
Training epoch 34 took: 29.884398
Epoch 34 took: 33.105552
 train_nll: -0.241861, train_mse: 0.365717
 valid_nll: 0.000081, valid_mse: 0.337576
Epoch 35 starts: 16:02:18
Training epoch 35 took: 29.601303
Epoch 35 took: 32.735789
 train_nll: -0.322626, train_mse: 0.356166
 valid_nll: -0.000176, valid_mse: 0.335095
Epoch 36 starts: 16:02:51
Training epoch 36 took: 29.721326
Epoch 36 took: 32.809996
 train_nll: -0.295482, train_mse: 0.360340
 valid_nll: -0.000114, valid_mse: 0.333861
Epoch 37 starts: 16:03:24
Training epoch 37 took: 30.303545
Epoch 37 took: 33.501086
 train_nll: -0.340314, train_mse: 0.354074
 valid_nll: -0.000039, valid_mse: 0.334342
Epoch 38 starts: 16:03:57
Training epoch 38 took: 30.252218
Epoch 38 took: 33.478137
 train_nll: -0.346471, train_mse: 0.352724
 valid_nll: -0.000040, valid_mse: 0.333733
Epoch 39 starts: 16:04:31
Training epoch 39 took: 30.440226
Epoch 39 took: 33.723614
 train_nll: -0.367555, train_mse: 0.361735
 valid_nll: 0.000018, valid_mse: 0.338575
Epoch 40 starts: 16:05:04
Training epoch 40 took: 29.095837
Epoch 40 took: 31.854819
 train_nll: -0.387245, train_mse: 0.358663
 valid_nll: 0.000084, valid_mse: 0.332755
Epoch 41 starts: 16:05:36
Training epoch 41 took: 27.25179
Epoch 41 took: 30.494947
 train_nll: -0.395580, train_mse: 0.356356
 valid_nll: 0.000059, valid_mse: 0.332229
Epoch 42 starts: 16:06:07
Training epoch 42 took: 29.875867
Epoch 42 took: 33.031006
 train_nll: -0.408120, train_mse: 0.353781
 valid_nll: 0.000138, valid_mse: 0.341695
Epoch 43 starts: 16:06:40
Training epoch 43 took: 30.18048
Epoch 43 took: 33.540778
 train_nll: -0.411615, train_mse: 0.352698
 valid_nll: 0.000086, valid_mse: 0.331985
Epoch 44 starts: 16:07:13
Training epoch 44 took: 29.987347
Epoch 44 took: 33.23614
 train_nll: -0.419618, train_mse: 0.353193
 valid_nll: 0.000058, valid_mse: 0.342841
Epoch 45 starts: 16:07:47
Training epoch 45 took: 30.437127
Epoch 45 took: 33.704477
 train_nll: -0.323714, train_mse: 0.354373
 valid_nll: -0.000221, valid_mse: 0.332410
Epoch 46 starts: 16:08:20
Training epoch 46 took: 30.165725
Epoch 46 took: 33.430771
 train_nll: -0.385909, train_mse: 0.352764
 valid_nll: -0.000236, valid_mse: 0.325898
Epoch 47 starts: 16:08:54
Training epoch 47 took: 30.178377
Epoch 47 took: 33.441841
 train_nll: -0.401518, train_mse: 0.345937
 valid_nll: -0.000031, valid_mse: 0.327476
Epoch 48 starts: 16:09:27
Training epoch 48 took: 30.20881
Epoch 48 took: 33.412276
 train_nll: -0.429351, train_mse: 0.349630
 valid_nll: 0.000075, valid_mse: 0.334206
Epoch 49 starts: 16:10:01
Training epoch 49 took: 30.055101
Epoch 49 took: 33.318479
 train_nll: -0.443028, train_mse: 0.347798
 valid_nll: -0.000108, valid_mse: 0.325252
Epoch 50 starts: 16:10:34
Training epoch 50 took: 30.118863
Epoch 50 took: 33.371533
 train_nll: -0.441345, train_mse: 0.348842
 valid_nll: -0.000043, valid_mse: 0.324198
Epoch 51 starts: 16:11:07
Training epoch 51 took: 30.380461
Epoch 51 took: 33.588395
 train_nll: -0.422126, train_mse: 0.348076
 valid_nll: -0.000092, valid_mse: 0.327374
Epoch 52 starts: 16:11:41
Training epoch 52 took: 26.898407
Epoch 52 took: 29.681016
 train_nll: -0.447937, train_mse: 0.345897
 valid_nll: -0.000001, valid_mse: 0.328353
Epoch 53 starts: 16:12:11
Training epoch 53 took: 30.229525
Epoch 53 took: 33.411478
 train_nll: -0.386805, train_mse: 0.344294
 valid_nll: 0.000003, valid_mse: 0.320343
Epoch 54 starts: 16:12:44
Training epoch 54 took: 29.888808
Epoch 54 took: 33.212809
 train_nll: -0.183402, train_mse: 0.355873
 valid_nll: -0.000140, valid_mse: 0.335689
Epoch 55 starts: 16:13:17
Training epoch 55 took: 30.047124
Epoch 55 took: 33.28301
 train_nll: -0.334559, train_mse: 0.348410
 valid_nll: -0.000200, valid_mse: 0.324382
Epoch 56 starts: 16:13:51
Training epoch 56 took: 30.422458
Epoch 56 took: 33.587489
 train_nll: -0.386235, train_mse: 0.342878
 valid_nll: -0.000250, valid_mse: 0.319323
Epoch 57 starts: 16:14:24
Training epoch 57 took: 30.065414
Epoch 57 took: 33.403435
 train_nll: -0.431687, train_mse: 0.344149
 valid_nll: -0.000092, valid_mse: 0.326272
Epoch 58 starts: 16:14:58
Training epoch 58 took: 29.943183
Epoch 58 took: 33.23334
 train_nll: -0.453469, train_mse: 0.345902
 valid_nll: -0.000152, valid_mse: 0.325423
Epoch 59 starts: 16:15:31
Training epoch 59 took: 30.439381
Epoch 59 took: 33.647337
 train_nll: -0.461566, train_mse: 0.343386
 valid_nll: 0.000109, valid_mse: 0.331422
Epoch 60 starts: 16:16:05
Training epoch 60 took: 30.236559
Epoch 60 took: 33.418053
 train_nll: -0.464441, train_mse: 0.348248
 valid_nll: -0.000194, valid_mse: 0.325904
Epoch 61 starts: 16:16:38
Training epoch 61 took: 30.435477
Epoch 61 took: 33.561916
 train_nll: -0.281594, train_mse: 0.348505
 valid_nll: -0.000235, valid_mse: 0.319767
Epoch 62 starts: 16:17:12
Training epoch 62 took: 30.073418
Epoch 62 took: 33.331202
 train_nll: -0.365490, train_mse: 0.343030
 valid_nll: -0.000181, valid_mse: 0.319905
Epoch 63 starts: 16:17:45
Training epoch 63 took: 28.254996
Epoch 63 took: 31.028742
 train_nll: -0.317347, train_mse: 0.344051
 valid_nll: -0.000202, valid_mse: 0.325976
Epoch 64 starts: 16:18:16
Training epoch 64 took: 28.580657
Epoch 64 took: 31.919579
 train_nll: -0.349170, train_mse: 0.342058
 valid_nll: -0.000154, valid_mse: 0.321655
Epoch 65 starts: 16:18:48
Training epoch 65 took: 30.111474
Epoch 65 took: 33.150909
 train_nll: -0.421991, train_mse: 0.335525
 valid_nll: -0.000097, valid_mse: 0.317615
Epoch 66 starts: 16:19:21
Training epoch 66 took: 30.267799
Epoch 66 took: 33.409114
 train_nll: -0.458872, train_mse: 0.333266
 valid_nll: 0.000016, valid_mse: 0.325069
Epoch 67 starts: 16:19:54
Training epoch 67 took: 30.407227
Epoch 67 took: 33.695102
 train_nll: -0.469288, train_mse: 0.337485
 valid_nll: 0.000145, valid_mse: 0.320968
Epoch 68 starts: 16:20:28
Training epoch 68 took: 30.403388
Epoch 68 took: 33.757179
 train_nll: -0.475654, train_mse: 0.332915
 valid_nll: 0.000160, valid_mse: 0.318275
Epoch 69 starts: 16:21:02
Training epoch 69 took: 30.238763
Epoch 69 took: 33.439804
 train_nll: -0.490812, train_mse: 0.336557
 valid_nll: -0.000053, valid_mse: 0.315060
Epoch 70 starts: 16:21:35
Training epoch 70 took: 30.215949
Epoch 70 took: 33.372851
 train_nll: -0.485050, train_mse: 0.335545
 valid_nll: 0.000058, valid_mse: 0.317902
Epoch 71 starts: 16:22:09
Training epoch 71 took: 30.165048
Epoch 71 took: 33.331099
 train_nll: -0.487223, train_mse: 0.338100
 valid_nll: -0.000055, valid_mse: 0.316774
Epoch 72 starts: 16:22:42
Training epoch 72 took: 30.30485
Epoch 72 took: 33.41682
 train_nll: -0.490241, train_mse: 0.333634
 valid_nll: 0.000075, valid_mse: 0.317520
Epoch 73 starts: 16:23:15
Training epoch 73 took: 29.749408
Epoch 73 took: 32.895788
 train_nll: -0.511624, train_mse: 0.334824
 valid_nll: 0.000161, valid_mse: 0.315727
Epoch 74 starts: 16:23:48
Training epoch 74 took: 29.411096
Epoch 74 took: 32.318938
 train_nll: -0.518671, train_mse: 0.334180
 valid_nll: 0.000560, valid_mse: 0.325419
Epoch 75 starts: 16:24:21
Training epoch 75 took: 26.349022
Epoch 75 took: 29.022641
 train_nll: -0.521976, train_mse: 0.336108
 valid_nll: 0.000310, valid_mse: 0.318182
Epoch 76 starts: 16:24:50
Training epoch 76 took: 29.526674
Epoch 76 took: 32.586374
 train_nll: -0.521350, train_mse: 0.335329
 valid_nll: 0.001046, valid_mse: 0.326729
Epoch 77 starts: 16:25:22
Training epoch 77 took: 29.516336
Epoch 77 took: 32.598169
 train_nll: -0.526018, train_mse: 0.336822
 valid_nll: 0.000500, valid_mse: 0.322573
Epoch 78 starts: 16:25:55
Training epoch 78 took: 29.370974
Epoch 78 took: 32.533501
 train_nll: -0.522158, train_mse: 0.336892
 valid_nll: 0.000091, valid_mse: 0.315213
Epoch 79 starts: 16:26:27
Training epoch 79 took: 29.452774
Epoch 79 took: 32.602325
 train_nll: -0.534782, train_mse: 0.335178
 valid_nll: 0.000050, valid_mse: 0.313519
Epoch 80 starts: 16:27:00
Training epoch 80 took: 29.376515
Epoch 80 took: 32.421989
 train_nll: -0.532641, train_mse: 0.332091
 valid_nll: 0.000891, valid_mse: 0.319057
Epoch 81 starts: 16:27:32
Training epoch 81 took: 29.404551
Epoch 81 took: 32.588949
 train_nll: -0.517686, train_mse: 0.334495
 valid_nll: 0.000132, valid_mse: 0.317243
Epoch 82 starts: 16:28:05
Training epoch 82 took: 29.528718
Epoch 82 took: 32.665029
 train_nll: -0.532943, train_mse: 0.331614
 valid_nll: 0.000766, valid_mse: 0.322976
Epoch 83 starts: 16:28:38
Training epoch 83 took: 29.295348
Epoch 83 took: 32.334164
 train_nll: -0.547905, train_mse: 0.331188
 valid_nll: 0.000009, valid_mse: 0.311201
Epoch 84 starts: 16:29:10
Training epoch 84 took: 29.567643
Epoch 84 took: 32.635482
 train_nll: -0.544817, train_mse: 0.331530
 valid_nll: 0.000281, valid_mse: 0.324615
Epoch 85 starts: 16:29:43
Training epoch 85 took: 29.700269
Epoch 85 took: 32.798654
 train_nll: -0.543595, train_mse: 0.333783
 valid_nll: 0.000747, valid_mse: 0.319304
Epoch 86 starts: 16:30:16
Training epoch 86 took: 27.893166
Epoch 86 took: 30.586834
 train_nll: -0.540292, train_mse: 0.336873
 valid_nll: -0.000097, valid_mse: 0.319620
Epoch 87 starts: 16:30:46
Training epoch 87 took: 28.644584
Epoch 87 took: 31.737369
 train_nll: -0.490155, train_mse: 0.340481
 valid_nll: -0.000268, valid_mse: 0.310284
Epoch 88 starts: 16:31:18
Training epoch 88 took: 29.357288
Epoch 88 took: 32.466842
 train_nll: -0.434996, train_mse: 0.331046
 valid_nll: -0.000134, valid_mse: 0.320274
Epoch 89 starts: 16:31:50
Training epoch 89 took: 29.511063
Epoch 89 took: 32.605809
 train_nll: -0.389018, train_mse: 0.339493
 valid_nll: -0.000221, valid_mse: 0.315153
Epoch 90 starts: 16:32:23
Training epoch 90 took: 29.573927
Epoch 90 took: 32.662587
 train_nll: -0.453768, train_mse: 0.332457
 valid_nll: -0.000212, valid_mse: 0.309808
Epoch 91 starts: 16:32:56
Training epoch 91 took: 29.529375
Epoch 91 took: 32.536454
 train_nll: -0.516660, train_mse: 0.323902
 valid_nll: -0.000237, valid_mse: 0.311232
Epoch 92 starts: 16:33:28
Training epoch 92 took: 29.700345
Epoch 92 took: 32.744871
 train_nll: -0.530748, train_mse: 0.327341
 valid_nll: 0.000078, valid_mse: 0.311918
Epoch 93 starts: 16:34:01
Training epoch 93 took: 29.809131
Epoch 93 took: 32.963484
 train_nll: -0.533948, train_mse: 0.327505
 valid_nll: 0.000005, valid_mse: 0.311408
Epoch 94 starts: 16:34:34
Training epoch 94 took: 29.882978
Epoch 94 took: 32.975001
 train_nll: -0.549388, train_mse: 0.324243
 valid_nll: -0.000043, valid_mse: 0.307577
Epoch 95 starts: 16:35:07
Training epoch 95 took: 29.613973
Epoch 95 took: 32.667201
 train_nll: -0.563984, train_mse: 0.321674
 valid_nll: 0.000851, valid_mse: 0.323474
Epoch 96 starts: 16:35:40
Training epoch 96 took: 29.678063
Epoch 96 took: 32.705163
 train_nll: -0.564015, train_mse: 0.323322
 valid_nll: 0.000328, valid_mse: 0.311189
Epoch 97 starts: 16:36:12
Training epoch 97 took: 29.954935
Epoch 97 took: 32.681152
 train_nll: -0.571075, train_mse: 0.326333
 valid_nll: 0.000904, valid_mse: 0.319432
Epoch 98 starts: 16:36:45
Training epoch 98 took: 27.494711
Epoch 98 took: 30.6787
 train_nll: -0.573753, train_mse: 0.328820
 valid_nll: 0.000371, valid_mse: 0.310113
Epoch 99 starts: 16:37:16
Training epoch 99 took: 30.440917
Epoch 99 took: 33.660133
 train_nll: -0.582127, train_mse: 0.328104
 valid_nll: 0.001077, valid_mse: 0.321415
Best_val_loss: 0.307577, test_loss: 0.257441
